"Task Aware Debugger for GDB" version 11.6.0 (202206271353)
(c) 2016-2022 NXP Semiconductors, Inc.
==================================
05:42:58.420 INFO: [ZephyrRTOS] /home/ferminverdolini/Universidad/Octavo semestre/Electronica digital 3/Trabajo Final/Sintetizador/tp_final/Debug/.config file could not be read
05:42:58.421 INFO: [TadModel] DSF session ID 8 has started.
05:43:03.919 INFO: [TadState] TAD state changed: DEBUG_STARTED -> DEBUG_INIT_0 (RESUMED, USER_REQUEST)
05:43:03.987 INFO: [TadState] TAD state changed: DEBUG_INIT_0 -> DEBUG_INIT_1 (SUSPENDED, SIGNAL)
05:43:04.917 INFO: [TadState] TAD state changed: DEBUG_INIT_1 -> DEBUG_SUSPENDED (RESUMED, USER_REQUEST)
05:43:05.19 INFO: [TadState] TAD state changed: DEBUG_SUSPENDED -> DEBUG_SUSPENDED (SUSPENDED, BREAKPOINT)
05:43:08.92 INFO: [TadState] TAD state changed: DEBUG_SUSPENDED -> DEBUG_RESUMED (RESUMED, USER_REQUEST)
05:43:15.735 INFO: [TadState] TAD state changed: DEBUG_RESUMED -> READY (SUSPENDED, BREAKPOINT)
05:43:18.166 INFO: [TadState] TAD state changed: READY -> DEBUG_RESUMED (RESUMED, STEP)
05:43:18.297 INFO: [TadState] TAD state changed: DEBUG_RESUMED -> READY (SUSPENDED, STEP)
05:43:19.475 INFO: [TadState] TAD state changed: READY -> DEBUG_RESUMED (RESUMED, STEP)
05:43:19.888 INFO: [TadState] TAD state changed: DEBUG_RESUMED -> READY (SUSPENDED, STEP)
05:43:21.399 INFO: [TadState] TAD state changed: READY -> DEBUG_RESUMED (RESUMED, STEP)
05:43:21.779 INFO: [TadState] TAD state changed: DEBUG_RESUMED -> READY (SUSPENDED, STEP)
05:43:23.265 INFO: [TadState] TAD state changed: READY -> DEBUG_RESUMED (RESUMED, STEP)
05:43:24.752 INFO: [TadState] TAD state changed: DEBUG_RESUMED -> READY (SUSPENDED, STEP)
05:43:32.256 INFO: [TadState] TAD state changed: READY -> DEBUG_RESUMED (RESUMED, USER_REQUEST)
05:43:32.337 INFO: [TadState] TAD state changed: DEBUG_RESUMED -> READY (SUSPENDED, BREAKPOINT)
05:43:34.434 INFO: [TadState] TAD state changed: READY -> DEBUG_RESUMED (RESUMED, STEP)
05:43:34.570 INFO: [TadState] TAD state changed: DEBUG_RESUMED -> READY (SUSPENDED, STEP)
05:43:35.117 INFO: [TadState] TAD state changed: READY -> DEBUG_RESUMED (RESUMED, STEP)
05:43:35.534 INFO: [TadState] TAD state changed: DEBUG_RESUMED -> READY (SUSPENDED, STEP)
05:43:36.713 INFO: [TadState] TAD state changed: READY -> DEBUG_RESUMED (RESUMED, STEP)
05:43:38.165 INFO: [TadState] TAD state changed: DEBUG_RESUMED -> READY (SUSPENDED, STEP)
05:43:55.937 INFO: [TadState] TAD state changed: READY -> DEBUG_RESUMED (RESUMED, USER_REQUEST)
05:44:11.970 INFO: [TadState] TAD state changed: DEBUG_RESUMED -> READY (SUSPENDED, BREAKPOINT)
05:44:19.56 INFO: [TadState] TAD state changed: READY -> DEBUG_RESUMED (RESUMED, USER_REQUEST)
05:44:59.298 INFO: [TadModel] DSF session ID 8 has ended.
