"Task Aware Debugger for GDB" version 11.6.0 (202206271353)
(c) 2016-2022 NXP Semiconductors, Inc.
==================================
20:43:25.120 INFO: [TadModel] DSF session ID 48 has started.
20:43:31.679 INFO: [TadState] TAD state changed: DEBUG_STARTED -> DEBUG_INIT_0 (RESUMED, USER_REQUEST)
20:43:31.733 INFO: [TadState] TAD state changed: DEBUG_INIT_0 -> DEBUG_INIT_1 (SUSPENDED, SIGNAL)
20:43:32.382 INFO: [TadState] TAD state changed: DEBUG_INIT_1 -> DEBUG_SUSPENDED (RESUMED, USER_REQUEST)
20:43:32.467 INFO: [TadState] TAD state changed: DEBUG_SUSPENDED -> DEBUG_SUSPENDED (SUSPENDED, BREAKPOINT)
20:43:34.326 INFO: [TadState] TAD state changed: DEBUG_SUSPENDED -> DEBUG_RESUMED (RESUMED, USER_REQUEST)
20:43:34.397 INFO: [TadState] TAD state changed: DEBUG_RESUMED -> READY (SUSPENDED, BREAKPOINT)
20:43:37.639 INFO: [TadState] TAD state changed: READY -> DEBUG_RESUMED (RESUMED, STEP)
20:43:37.888 INFO: [TadState] TAD state changed: DEBUG_RESUMED -> READY (SUSPENDED, STEP)
20:43:39.734 INFO: [TadState] TAD state changed: READY -> DEBUG_RESUMED (RESUMED, STEP)
20:43:39.934 INFO: [TadState] TAD state changed: DEBUG_RESUMED -> READY (SUSPENDED, STEP)
20:43:40.398 INFO: [TadState] TAD state changed: READY -> DEBUG_RESUMED (RESUMED, STEP)
20:43:40.580 INFO: [TadState] TAD state changed: DEBUG_RESUMED -> READY (SUSPENDED, STEP)
20:43:40.980 INFO: [TadState] TAD state changed: READY -> DEBUG_RESUMED (RESUMED, STEP)
20:43:41.130 INFO: [TadState] TAD state changed: DEBUG_RESUMED -> READY (SUSPENDED, STEP)
20:43:41.535 INFO: [TadState] TAD state changed: READY -> DEBUG_RESUMED (RESUMED, STEP)
20:43:41.709 INFO: [TadState] TAD state changed: DEBUG_RESUMED -> READY (SUSPENDED, STEP)
20:43:42.134 INFO: [TadState] TAD state changed: READY -> DEBUG_RESUMED (RESUMED, STEP)
20:43:42.246 INFO: [TadState] TAD state changed: DEBUG_RESUMED -> READY (SUSPENDED, STEP)
20:43:42.766 INFO: [TadState] TAD state changed: READY -> DEBUG_RESUMED (RESUMED, STEP)
20:43:42.870 INFO: [TadState] TAD state changed: DEBUG_RESUMED -> READY (SUSPENDED, STEP)
20:43:44.383 INFO: [TadState] TAD state changed: READY -> DEBUG_RESUMED (RESUMED, STEP)
20:43:44.495 INFO: [TadState] TAD state changed: DEBUG_RESUMED -> READY (SUSPENDED, STEP)
20:43:45.623 INFO: [TadState] TAD state changed: READY -> DEBUG_RESUMED (RESUMED, STEP)
20:43:45.748 INFO: [TadState] TAD state changed: DEBUG_RESUMED -> READY (SUSPENDED, STEP)
20:43:46.478 INFO: [TadState] TAD state changed: READY -> DEBUG_RESUMED (RESUMED, STEP)
20:43:46.610 INFO: [TadState] TAD state changed: DEBUG_RESUMED -> READY (SUSPENDED, STEP)
20:43:46.868 INFO: [TadState] TAD state changed: READY -> DEBUG_RESUMED (RESUMED, STEP)
20:43:46.975 INFO: [TadState] TAD state changed: DEBUG_RESUMED -> READY (SUSPENDED, STEP)
20:43:47.439 INFO: [TadState] TAD state changed: READY -> DEBUG_RESUMED (RESUMED, STEP)
20:43:47.569 INFO: [TadState] TAD state changed: DEBUG_RESUMED -> READY (SUSPENDED, STEP)
20:43:47.907 INFO: [TadState] TAD state changed: READY -> DEBUG_RESUMED (RESUMED, STEP)
20:43:48.54 INFO: [TadState] TAD state changed: DEBUG_RESUMED -> READY (SUSPENDED, STEP)
20:43:48.517 INFO: [TadState] TAD state changed: READY -> DEBUG_RESUMED (RESUMED, STEP)
20:43:48.635 INFO: [TadState] TAD state changed: DEBUG_RESUMED -> READY (SUSPENDED, STEP)
20:43:49.328 INFO: [TadState] TAD state changed: READY -> DEBUG_RESUMED (RESUMED, STEP)
20:43:49.443 INFO: [TadState] TAD state changed: DEBUG_RESUMED -> READY (SUSPENDED, STEP)
20:43:50.62 INFO: [TadState] TAD state changed: READY -> DEBUG_RESUMED (RESUMED, STEP)
20:43:50.233 INFO: [TadState] TAD state changed: DEBUG_RESUMED -> READY (SUSPENDED, STEP)
20:43:51.888 INFO: [TadState] TAD state changed: READY -> DEBUG_RESUMED (RESUMED, STEP)
20:43:52.122 INFO: [TadState] TAD state changed: DEBUG_RESUMED -> READY (SUSPENDED, STEP)
20:43:55.911 INFO: [TadState] TAD state changed: READY -> DEBUG_RESUMED (RESUMED, STEP)
20:43:56.143 INFO: [TadState] TAD state changed: DEBUG_RESUMED -> READY (SUSPENDED, STEP)
20:43:57.21 INFO: [TadState] TAD state changed: READY -> DEBUG_RESUMED (RESUMED, STEP)
20:43:57.132 INFO: [TadState] TAD state changed: DEBUG_RESUMED -> READY (SUSPENDED, STEP)
20:44:01.00 INFO: [TadState] TAD state changed: READY -> DEBUG_RESUMED (RESUMED, STEP)
20:44:01.250 INFO: [TadState] TAD state changed: DEBUG_RESUMED -> READY (SUSPENDED, STEP)
20:44:03.335 INFO: [TadState] TAD state changed: READY -> DEBUG_RESUMED (RESUMED, STEP)
20:44:03.556 INFO: [TadState] TAD state changed: DEBUG_RESUMED -> READY (SUSPENDED, STEP)
20:44:51.353 INFO: [TadModel] DSF session ID 48 has ended.
