"Task Aware Debugger for GDB" version 11.6.0 (202206271353)
(c) 2016-2022 NXP Semiconductors, Inc.
==================================
05:42:58.420 INFO: [TadModel] DSF session ID 8 has started.
05:43:03.920 INFO: [TadState] TAD state changed: DEBUG_STARTED -> DEBUG_INIT_0 (RESUMED, USER_REQUEST)
05:43:03.987 INFO: [TadState] TAD state changed: DEBUG_INIT_0 -> DEBUG_INIT_1 (SUSPENDED, SIGNAL)
05:43:04.917 INFO: [TadState] TAD state changed: DEBUG_INIT_1 -> DEBUG_SUSPENDED (RESUMED, USER_REQUEST)
05:43:05.20 INFO: [TadState] TAD state changed: DEBUG_SUSPENDED -> DEBUG_SUSPENDED (SUSPENDED, BREAKPOINT)
05:43:08.95 INFO: [TadState] TAD state changed: DEBUG_SUSPENDED -> DEBUG_RESUMED (RESUMED, USER_REQUEST)
05:43:15.736 INFO: [TadState] TAD state changed: DEBUG_RESUMED -> READY (SUSPENDED, BREAKPOINT)
05:43:18.167 INFO: [TadState] TAD state changed: READY -> DEBUG_RESUMED (RESUMED, STEP)
05:43:18.298 INFO: [TadState] TAD state changed: DEBUG_RESUMED -> READY (SUSPENDED, STEP)
05:43:19.475 INFO: [TadState] TAD state changed: READY -> DEBUG_RESUMED (RESUMED, STEP)
05:43:19.889 INFO: [TadState] TAD state changed: DEBUG_RESUMED -> READY (SUSPENDED, STEP)
05:43:21.399 INFO: [TadState] TAD state changed: READY -> DEBUG_RESUMED (RESUMED, STEP)
05:43:21.779 INFO: [TadState] TAD state changed: DEBUG_RESUMED -> READY (SUSPENDED, STEP)
05:43:23.266 INFO: [TadState] TAD state changed: READY -> DEBUG_RESUMED (RESUMED, STEP)
05:43:24.753 INFO: [TadState] TAD state changed: DEBUG_RESUMED -> READY (SUSPENDED, STEP)
05:43:32.257 INFO: [TadState] TAD state changed: READY -> DEBUG_RESUMED (RESUMED, USER_REQUEST)
05:43:32.337 INFO: [TadState] TAD state changed: DEBUG_RESUMED -> READY (SUSPENDED, BREAKPOINT)
05:43:34.435 INFO: [TadState] TAD state changed: READY -> DEBUG_RESUMED (RESUMED, STEP)
05:43:34.570 INFO: [TadState] TAD state changed: DEBUG_RESUMED -> READY (SUSPENDED, STEP)
05:43:35.117 INFO: [TadState] TAD state changed: READY -> DEBUG_RESUMED (RESUMED, STEP)
05:43:35.535 INFO: [TadState] TAD state changed: DEBUG_RESUMED -> READY (SUSPENDED, STEP)
05:43:36.714 INFO: [TadState] TAD state changed: READY -> DEBUG_RESUMED (RESUMED, STEP)
05:43:38.166 INFO: [TadState] TAD state changed: DEBUG_RESUMED -> READY (SUSPENDED, STEP)
05:43:55.939 INFO: [TadState] TAD state changed: READY -> DEBUG_RESUMED (RESUMED, USER_REQUEST)
05:44:11.971 INFO: [TadState] TAD state changed: DEBUG_RESUMED -> READY (SUSPENDED, BREAKPOINT)
05:44:19.57 INFO: [TadState] TAD state changed: READY -> DEBUG_RESUMED (RESUMED, USER_REQUEST)
05:44:59.297 INFO: [TadModel] DSF session ID 8 has ended.
